<?xml version="1.0" encoding="UTF-8"?>
<!-- Generated by org.testng.reporters.JUnitReportReporter -->
<testsuite hostname="WebCARE" failures="0" tests="1" name="testCases.Project_CrudTest" time="3.703" errors="0" timestamp="2023-11-28T20:50:07 IST" skipped="0">
  <testcase classname="testCases.Project_CrudTest" name="CreateProject" time="3.703"/>
</testsuite> <!-- testCases.Project_CrudTest -->
