<?xml version="1.0" encoding="UTF-8"?>
<!-- Generated by org.testng.reporters.JUnitReportReporter -->
<testsuite hostname="WebCARE" failures="1" tests="242" name="testCases.RaynorPriceTest" time="739.906" errors="0" timestamp="2023-11-05T20:49:29 IST" skipped="0">
  <testcase classname="testCases.RaynorPriceTest" name="getmodelList300hd" time="2.667"/>
  <testcase classname="testCases.RaynorPriceTest" name="getmodelList300hd" time="2.587"/>
  <testcase classname="testCases.RaynorPriceTest" name="getRaynordetails" time="3.305"/>
  <testcase classname="testCases.RaynorPriceTest" name="getmodelList300hd" time="3.943"/>
  <testcase classname="testCases.RaynorPriceTest" name="getmodelList300hd" time="2.871"/>
  <testcase classname="testCases.RaynorPriceTest" name="getmodelList300hd" time="3.093"/>
  <testcase classname="testCases.RaynorPriceTest" name="getmodelList300hd" time="2.658"/>
  <testcase classname="testCases.RaynorPriceTest" name="getmodelList300hd" time="2.328"/>
  <testcase classname="testCases.RaynorPriceTest" name="getmodelList300hd" time="3.764"/>
  <testcase classname="testCases.RaynorPriceTest" name="getmodelList300hd" time="1.924"/>
  <testcase classname="testCases.RaynorPriceTest" name="getmodelList300hd" time="2.476"/>
  <testcase classname="testCases.RaynorPriceTest" name="getmodelList300hd" time="5.669"/>
  <testcase classname="testCases.RaynorPriceTest" name="getmodelList300hd" time="2.935"/>
  <testcase classname="testCases.RaynorPriceTest" name="getmodelList300hd" time="2.667"/>
  <testcase classname="testCases.RaynorPriceTest" name="getmodelList300hd" time="2.977"/>
  <testcase classname="testCases.RaynorPriceTest" name="getmodelList300hd" time="2.765"/>
  <testcase classname="testCases.RaynorPriceTest" name="getmodelList300hd" time="4.953"/>
  <testcase classname="testCases.RaynorPriceTest" name="getmodelList300hd" time="2.662"/>
  <testcase classname="testCases.RaynorPriceTest" name="getmodelList300hd" time="3.772"/>
  <testcase classname="testCases.RaynorPriceTest" name="getmodelList300hd" time="2.883"/>
  <testcase classname="testCases.RaynorPriceTest" name="getmodelList300hd" time="3.179"/>
  <testcase classname="testCases.RaynorPriceTest" name="getmodelList300hd" time="2.450"/>
  <testcase classname="testCases.RaynorPriceTest" name="getmodelList300hd" time="2.955"/>
  <testcase classname="testCases.RaynorPriceTest" name="getmodelList300hd" time="2.423"/>
  <testcase classname="testCases.RaynorPriceTest" name="getmodelList300hd" time="2.350"/>
  <testcase classname="testCases.RaynorPriceTest" name="getmodelList300hd" time="2.773"/>
  <testcase classname="testCases.RaynorPriceTest" name="getmodelList300hd" time="4.998"/>
  <testcase classname="testCases.RaynorPriceTest" name="getmodelList300hd" time="2.654"/>
  <testcase classname="testCases.RaynorPriceTest" name="getmodelList300hd" time="2.662"/>
  <testcase classname="testCases.RaynorPriceTest" name="getmodelList300hd" time="2.858"/>
  <testcase classname="testCases.RaynorPriceTest" name="getmodelList300hd" time="3.273"/>
  <testcase classname="testCases.RaynorPriceTest" name="getmodelList300hd" time="2.642"/>
  <testcase classname="testCases.RaynorPriceTest" name="getmodelList300hd" time="2.671"/>
  <testcase classname="testCases.RaynorPriceTest" name="getmodelList300hd" time="2.553"/>
  <testcase classname="testCases.RaynorPriceTest" name="getmodelList300hd" time="5.119"/>
  <testcase classname="testCases.RaynorPriceTest" name="getmodelList300hd" time="3.553"/>
  <testcase classname="testCases.RaynorPriceTest" name="getmodelList300hd" time="5.054"/>
  <testcase classname="testCases.RaynorPriceTest" name="getmodelList300hd" time="3.072"/>
  <testcase classname="testCases.RaynorPriceTest" name="getmodelList300hd" time="5.177"/>
  <testcase classname="testCases.RaynorPriceTest" name="getmodelList300hd" time="2.608"/>
  <testcase classname="testCases.RaynorPriceTest" name="getmodelList300hd" time="2.638"/>
  <testcase classname="testCases.RaynorPriceTest" name="getmodelList300hd" time="2.722"/>
  <testcase classname="testCases.RaynorPriceTest" name="getmodelList300hd" time="3.402"/>
  <testcase classname="testCases.RaynorPriceTest" name="getmodelList300hd" time="2.551"/>
  <testcase classname="testCases.RaynorPriceTest" name="getmodelList300hd" time="2.156"/>
  <testcase classname="testCases.RaynorPriceTest" name="getmodelList300hd" time="3.866"/>
  <testcase classname="testCases.RaynorPriceTest" name="getmodelList300hd" time="4.171"/>
  <testcase classname="testCases.RaynorPriceTest" name="getmodelList300hd" time="2.739"/>
  <testcase classname="testCases.RaynorPriceTest" name="getmodelList300hd" time="2.466"/>
  <testcase classname="testCases.RaynorPriceTest" name="getmodelList300hd" time="4.310"/>
  <testcase classname="testCases.RaynorPriceTest" name="getmodelList300hd" time="2.679"/>
  <testcase classname="testCases.RaynorPriceTest" name="getmodelList300hd" time="2.913"/>
  <testcase classname="testCases.RaynorPriceTest" name="getmodelList300hd" time="2.461"/>
  <testcase classname="testCases.RaynorPriceTest" name="getmodelList300hd" time="2.487"/>
  <testcase classname="testCases.RaynorPriceTest" name="getmodelList300hd" time="2.581"/>
  <testcase classname="testCases.RaynorPriceTest" name="getmodelList300hd" time="2.667"/>
  <testcase classname="testCases.RaynorPriceTest" name="getmodelList300hd" time="2.804"/>
  <testcase classname="testCases.RaynorPriceTest" name="getmodelList300hd" time="2.337"/>
  <testcase classname="testCases.RaynorPriceTest" name="getmodelList300hd" time="2.745"/>
  <testcase classname="testCases.RaynorPriceTest" name="getmodelList300hd" time="2.729"/>
  <testcase classname="testCases.RaynorPriceTest" name="getmodelList300hd" time="2.918"/>
  <testcase classname="testCases.RaynorPriceTest" name="getmodelList300hd" time="2.752"/>
  <testcase classname="testCases.RaynorPriceTest" name="getmodelList300hd" time="2.972"/>
  <testcase classname="testCases.RaynorPriceTest" name="getmodelList300hd" time="2.513"/>
  <testcase classname="testCases.RaynorPriceTest" name="getmodelList300hd" time="2.579"/>
  <testcase classname="testCases.RaynorPriceTest" name="getmodelList300hd" time="2.870"/>
  <testcase classname="testCases.RaynorPriceTest" name="getmodelList300hd" time="2.549"/>
  <testcase classname="testCases.RaynorPriceTest" name="getmodelList300hd" time="2.519"/>
  <testcase classname="testCases.RaynorPriceTest" name="getmodelList300hd" time="7.343"/>
  <testcase classname="testCases.RaynorPriceTest" name="getmodelList300hd" time="2.513"/>
  <testcase classname="testCases.RaynorPriceTest" name="getmodelList300hd" time="2.713"/>
  <testcase classname="testCases.RaynorPriceTest" name="getBrandDetails" time="2.422"/>
  <testcase classname="testCases.RaynorPriceTest" name="getmodelList300hd" time="2.745"/>
  <testcase classname="testCases.RaynorPriceTest" name="getmodelList300hd" time="3.103"/>
  <testcase classname="testCases.RaynorPriceTest" name="getmodelList300hd" time="2.755"/>
  <testcase classname="testCases.RaynorPriceTest" name="getmodelList300hd" time="2.463"/>
  <testcase classname="testCases.RaynorPriceTest" name="getmodelList300hd" time="2.827"/>
  <testcase classname="testCases.RaynorPriceTest" name="getmodelList300hd" time="2.259"/>
  <testcase classname="testCases.RaynorPriceTest" name="getmodelList300hd" time="2.673"/>
  <testcase classname="testCases.RaynorPriceTest" name="getmodelList300hd" time="4.336"/>
  <testcase classname="testCases.RaynorPriceTest" name="getmodelList300hd" time="2.733"/>
  <testcase classname="testCases.RaynorPriceTest" name="getmodelList300hd" time="2.558"/>
  <testcase classname="testCases.RaynorPriceTest" name="getmodelList300hd" time="2.248"/>
  <testcase classname="testCases.RaynorPriceTest" name="getmodelList300hd" time="2.311"/>
  <testcase classname="testCases.RaynorPriceTest" name="getmodelList300hd" time="6.027"/>
  <testcase classname="testCases.RaynorPriceTest" name="getmodelList300hd" time="3.564"/>
  <testcase classname="testCases.RaynorPriceTest" name="getmodelList300hd" time="2.863"/>
  <testcase classname="testCases.RaynorPriceTest" name="getmodelList300hd" time="5.484"/>
  <testcase classname="testCases.RaynorPriceTest" name="getmodelList300hd" time="2.313"/>
  <testcase classname="testCases.RaynorPriceTest" name="getmodelList300hd" time="2.599"/>
  <testcase classname="testCases.RaynorPriceTest" name="getmodelList300hd" time="2.856"/>
  <testcase classname="testCases.RaynorPriceTest" name="getmodelList300hd" time="5.047"/>
  <testcase classname="testCases.RaynorPriceTest" name="getmodelList300hd" time="2.980"/>
  <testcase classname="testCases.RaynorPriceTest" name="getmodelList300hd" time="3.340"/>
  <testcase classname="testCases.RaynorPriceTest" name="getmodelList300hd" time="3.122"/>
  <testcase classname="testCases.RaynorPriceTest" name="getmodelList300hd" time="2.719"/>
  <testcase classname="testCases.RaynorPriceTest" name="getmodelList300hd" time="2.887"/>
  <testcase classname="testCases.RaynorPriceTest" name="getmodelList300hd" time="3.059"/>
  <testcase classname="testCases.RaynorPriceTest" name="getmodelList300hd" time="2.514"/>
  <testcase classname="testCases.RaynorPriceTest" name="getmodelList300hd" time="5.224"/>
  <testcase classname="testCases.RaynorPriceTest" name="getmodelList300hd" time="2.636"/>
  <testcase classname="testCases.RaynorPriceTest" name="getmodelList300hd" time="2.245"/>
  <testcase classname="testCases.RaynorPriceTest" name="getmodelList300hd" time="2.740"/>
  <testcase classname="testCases.RaynorPriceTest" name="getmodelList300hd" time="2.945"/>
  <testcase classname="testCases.RaynorPriceTest" name="getmodelList300hd" time="2.557"/>
  <testcase classname="testCases.RaynorPriceTest" name="getmodelList300hd" time="3.065"/>
  <testcase classname="testCases.RaynorPriceTest" name="getmodelList300hd" time="3.290"/>
  <testcase classname="testCases.RaynorPriceTest" name="getmodelList300hd" time="2.459"/>
  <testcase classname="testCases.RaynorPriceTest" name="getmodelList300hd" time="3.095"/>
  <testcase classname="testCases.RaynorPriceTest" name="getmodelList300hd" time="3.037"/>
  <testcase classname="testCases.RaynorPriceTest" name="getmodelList300hd" time="3.696"/>
  <testcase classname="testCases.RaynorPriceTest" name="getmodelList300hd" time="2.531"/>
  <testcase classname="testCases.RaynorPriceTest" name="getmodelList300hd" time="3.778">
    <failure message="expected [15914] but found [15915]" type="java.lang.AssertionError">
      <![CDATA[java.lang.AssertionError: expected [15914] but found [15915]
at org.testng.Assert.fail(Assert.java:111)
at org.testng.Assert.failNotEquals(Assert.java:1578)
at org.testng.Assert.assertEqualsImpl(Assert.java:150)
at org.testng.Assert.assertEquals(Assert.java:132)
at org.testng.Assert.assertEquals(Assert.java:1419)
at org.testng.Assert.assertEquals(Assert.java:1383)
at org.testng.Assert.assertEquals(Assert.java:1429)
at testCases.RaynorPriceTest.getmodelList300hd(RaynorPriceTest.java:202)
at java.base/jdk.internal.reflect.DirectMethodHandleAccessor.invoke(DirectMethodHandleAccessor.java:104)
at java.base/java.lang.reflect.Method.invoke(Method.java:578)
at org.testng.internal.invokers.MethodInvocationHelper.invokeMethod(MethodInvocationHelper.java:139)
at org.testng.internal.invokers.TestInvoker.invokeMethod(TestInvoker.java:664)
at org.testng.internal.invokers.TestInvoker.invokeTestMethod(TestInvoker.java:227)
at org.testng.internal.invokers.MethodRunner.runInSequence(MethodRunner.java:50)
at org.testng.internal.invokers.TestInvoker$MethodInvocationAgent.invoke(TestInvoker.java:957)
at org.testng.internal.invokers.TestInvoker.invokeTestMethods(TestInvoker.java:200)
at org.testng.internal.invokers.TestMethodWorker.invokeTestMethods(TestMethodWorker.java:148)
at org.testng.internal.invokers.TestMethodWorker.run(TestMethodWorker.java:128)
at java.base/java.util.ArrayList.forEach(ArrayList.java:1511)
at org.testng.TestRunner.privateRun(TestRunner.java:848)
at org.testng.TestRunner.run(TestRunner.java:621)
at org.testng.SuiteRunner.runTest(SuiteRunner.java:443)
at org.testng.SuiteRunner.runSequentially(SuiteRunner.java:437)
at org.testng.SuiteRunner.privateRun(SuiteRunner.java:397)
at org.testng.SuiteRunner.run(SuiteRunner.java:336)
at org.testng.SuiteRunnerWorker.runSuite(SuiteRunnerWorker.java:52)
at org.testng.SuiteRunnerWorker.run(SuiteRunnerWorker.java:95)
at org.testng.TestNG.runSuitesSequentially(TestNG.java:1280)
at org.testng.TestNG.runSuitesLocally(TestNG.java:1200)
at org.testng.TestNG.runSuites(TestNG.java:1114)
at org.testng.TestNG.run(TestNG.java:1082)
at org.testng.remote.AbstractRemoteTestNG.run(AbstractRemoteTestNG.java:115)
at org.testng.remote.RemoteTestNG.initAndRun(RemoteTestNG.java:251)
at org.testng.remote.RemoteTestNG.main(RemoteTestNG.java:77)
]]>
    </failure>
  </testcase> <!-- getmodelList300hd -->
  <testcase classname="testCases.RaynorPriceTest" name="getmodelList300hd" time="3.681"/>
  <testcase classname="testCases.RaynorPriceTest" name="getmodelList300hd" time="5.951"/>
  <testcase classname="testCases.RaynorPriceTest" name="getmodelList300hd" time="3.587"/>
  <testcase classname="testCases.RaynorPriceTest" name="getmodelList300hd" time="5.038"/>
  <testcase classname="testCases.RaynorPriceTest" name="getmodelList300hd" time="3.905"/>
  <testcase classname="testCases.RaynorPriceTest" name="getmodelList300hd" time="3.459"/>
  <testcase classname="testCases.RaynorPriceTest" name="getmodelList300hd" time="2.625"/>
  <testcase classname="testCases.RaynorPriceTest" name="getmodelList300hd" time="5.632"/>
  <testcase classname="testCases.RaynorPriceTest" name="getmodelList300hd" time="2.952"/>
  <testcase classname="testCases.RaynorPriceTest" name="getmodelList300hd" time="2.915"/>
  <testcase classname="testCases.RaynorPriceTest" name="getmodelList300hd" time="2.521"/>
  <testcase classname="testCases.RaynorPriceTest" name="getmodelList300hd" time="2.953"/>
  <testcase classname="testCases.RaynorPriceTest" name="getmodelList300hd" time="2.752"/>
  <testcase classname="testCases.RaynorPriceTest" name="getmodelList300hd" time="3.926"/>
  <testcase classname="testCases.RaynorPriceTest" name="getmodelList300hd" time="2.657"/>
  <testcase classname="testCases.RaynorPriceTest" name="getmodelList300hd" time="2.485"/>
  <testcase classname="testCases.RaynorPriceTest" name="getmodelList300hd" time="2.662"/>
  <testcase classname="testCases.RaynorPriceTest" name="getmodelList300hd" time="3.097"/>
  <testcase classname="testCases.RaynorPriceTest" name="getmodelList300hd" time="2.973"/>
  <testcase classname="testCases.RaynorPriceTest" name="getmodelList300hd" time="2.975"/>
  <testcase classname="testCases.RaynorPriceTest" name="getmodelList300hd" time="4.519"/>
  <testcase classname="testCases.RaynorPriceTest" name="getmodelList300hd" time="3.649"/>
  <testcase classname="testCases.RaynorPriceTest" name="getmodelList300hd" time="2.271"/>
  <testcase classname="testCases.RaynorPriceTest" name="getmodelList300hd" time="2.706"/>
  <testcase classname="testCases.RaynorPriceTest" name="getmodelList300hd" time="2.571"/>
  <testcase classname="testCases.RaynorPriceTest" name="getmodelList300hd" time="2.655"/>
  <testcase classname="testCases.RaynorPriceTest" name="getmodelList300hd" time="2.536"/>
  <testcase classname="testCases.RaynorPriceTest" name="getmodelList300hd" time="3.006"/>
  <testcase classname="testCases.RaynorPriceTest" name="getmodelList300hd" time="2.636"/>
  <testcase classname="testCases.RaynorPriceTest" name="getmodelList300hd" time="2.700"/>
  <testcase classname="testCases.RaynorPriceTest" name="getmodelList300hd" time="2.278"/>
  <testcase classname="testCases.RaynorPriceTest" name="getmodelList300hd" time="2.927"/>
  <testcase classname="testCases.RaynorPriceTest" name="getmodelList300hd" time="2.691"/>
  <testcase classname="testCases.RaynorPriceTest" name="getmodelList300hd" time="2.787"/>
  <testcase classname="testCases.RaynorPriceTest" name="getmodelList300hd" time="2.571"/>
  <testcase classname="testCases.RaynorPriceTest" name="getmodelList300hd" time="2.452"/>
  <testcase classname="testCases.RaynorPriceTest" name="getmodelList300hd" time="3.028"/>
  <testcase classname="testCases.RaynorPriceTest" name="getmodelList300hd" time="2.388"/>
  <testcase classname="testCases.RaynorPriceTest" name="getmodelList300hd" time="2.652"/>
  <testcase classname="testCases.RaynorPriceTest" name="getmodelList300hd" time="2.738"/>
  <testcase classname="testCases.RaynorPriceTest" name="getmodelList300hd" time="2.428"/>
  <testcase classname="testCases.RaynorPriceTest" name="getmodelList300hd" time="2.609"/>
  <testcase classname="testCases.RaynorPriceTest" name="getmodelList300hd" time="4.116"/>
  <testcase classname="testCases.RaynorPriceTest" name="getmodelList300hd" time="3.098"/>
  <testcase classname="testCases.RaynorPriceTest" name="getmodelList300hd" time="2.658"/>
  <testcase classname="testCases.RaynorPriceTest" name="getmodelList300hd" time="2.560"/>
  <testcase classname="testCases.RaynorPriceTest" name="getmodelList300hd" time="2.908"/>
  <testcase classname="testCases.RaynorPriceTest" name="getmodelList300hd" time="2.397"/>
  <testcase classname="testCases.RaynorPriceTest" name="getmodelList300hd" time="2.535"/>
  <testcase classname="testCases.RaynorPriceTest" name="getmodelList300hd" time="2.788"/>
  <testcase classname="testCases.RaynorPriceTest" name="getmodelList300hd" time="2.298"/>
  <testcase classname="testCases.RaynorPriceTest" name="getmodelList300hd" time="2.480"/>
  <testcase classname="testCases.RaynorPriceTest" name="getmodelList300hd" time="2.677"/>
  <testcase classname="testCases.RaynorPriceTest" name="getmodelList300hd" time="2.929"/>
  <testcase classname="testCases.RaynorPriceTest" name="getmodelList300hd" time="2.249"/>
  <testcase classname="testCases.RaynorPriceTest" name="getmodelList300hd" time="3.033"/>
  <testcase classname="testCases.RaynorPriceTest" name="getmodelList300hd" time="2.574"/>
  <testcase classname="testCases.RaynorPriceTest" name="getmodelList300hd" time="2.933"/>
  <testcase classname="testCases.RaynorPriceTest" name="getmodelList300hd" time="2.522"/>
  <testcase classname="testCases.RaynorPriceTest" name="getmodelList300hd" time="2.360"/>
  <testcase classname="testCases.RaynorPriceTest" name="getmodelList300hd" time="3.959"/>
  <testcase classname="testCases.RaynorPriceTest" name="getmodelList300hd" time="2.919"/>
  <testcase classname="testCases.RaynorPriceTest" name="getmodelList300hd" time="2.675"/>
  <testcase classname="testCases.RaynorPriceTest" name="getmodelList300hd" time="2.798"/>
  <testcase classname="testCases.RaynorPriceTest" name="getmodelList300hd" time="2.659"/>
  <testcase classname="testCases.RaynorPriceTest" name="getmodelList300hd" time="2.855"/>
  <testcase classname="testCases.RaynorPriceTest" name="getmodelList300hd" time="2.506"/>
  <testcase classname="testCases.RaynorPriceTest" name="getmodelList300hd" time="2.558"/>
  <testcase classname="testCases.RaynorPriceTest" name="getmodelList300hd" time="3.453"/>
  <testcase classname="testCases.RaynorPriceTest" name="getmodelList300hd" time="2.784"/>
  <testcase classname="testCases.RaynorPriceTest" name="getmodelList300hd" time="2.442"/>
  <testcase classname="testCases.RaynorPriceTest" name="getmodelList300hd" time="3.158"/>
  <testcase classname="testCases.RaynorPriceTest" name="getmodelList300hd" time="5.972"/>
  <testcase classname="testCases.RaynorPriceTest" name="getmodelList300hd" time="2.826"/>
  <testcase classname="testCases.RaynorPriceTest" name="getmodelList300hd" time="2.349"/>
  <testcase classname="testCases.RaynorPriceTest" name="getmodelList300hd" time="2.652"/>
  <testcase classname="testCases.RaynorPriceTest" name="getmodelList300hd" time="2.252"/>
  <testcase classname="testCases.RaynorPriceTest" name="getmodelList300hd" time="2.425"/>
  <testcase classname="testCases.RaynorPriceTest" name="getmodelList300hd" time="2.775"/>
  <testcase classname="testCases.RaynorPriceTest" name="getmodelList300hd" time="4.450"/>
  <testcase classname="testCases.RaynorPriceTest" name="getmodelList300hd" time="2.773"/>
  <testcase classname="testCases.RaynorPriceTest" name="getmodelList300hd" time="2.361"/>
  <testcase classname="testCases.RaynorPriceTest" name="getmodelList300hd" time="2.652"/>
  <testcase classname="testCases.RaynorPriceTest" name="getmodelList300hd" time="3.017"/>
  <testcase classname="testCases.RaynorPriceTest" name="getmodelList300hd" time="2.332"/>
  <testcase classname="testCases.RaynorPriceTest" name="getmodelList300hd" time="2.860"/>
  <testcase classname="testCases.RaynorPriceTest" name="getmodelList300hd" time="2.978"/>
  <testcase classname="testCases.RaynorPriceTest" name="getmodelList300hd" time="2.759"/>
  <testcase classname="testCases.RaynorPriceTest" name="getmodelList300hd" time="2.662"/>
  <testcase classname="testCases.RaynorPriceTest" name="getmodelList300hd" time="2.695"/>
  <testcase classname="testCases.RaynorPriceTest" name="getmodelList300hd" time="2.957"/>
  <testcase classname="testCases.RaynorPriceTest" name="getmodelList300hd" time="3.193"/>
  <testcase classname="testCases.RaynorPriceTest" name="getmodelList300hd" time="2.691"/>
  <testcase classname="testCases.RaynorPriceTest" name="getmodelList300hd" time="2.367"/>
  <testcase classname="testCases.RaynorPriceTest" name="getmodelList300hd" time="2.661"/>
  <testcase classname="testCases.RaynorPriceTest" name="getmodelList300hd" time="2.024"/>
  <testcase classname="testCases.RaynorPriceTest" name="getmodelList300hd" time="2.879"/>
  <testcase classname="testCases.RaynorPriceTest" name="getmodelList300hd" time="3.009"/>
  <testcase classname="testCases.RaynorPriceTest" name="getmodelList300hd" time="2.287"/>
  <testcase classname="testCases.RaynorPriceTest" name="getmodelList300hd" time="2.345"/>
  <testcase classname="testCases.RaynorPriceTest" name="getmodelList300hd" time="2.285"/>
  <testcase classname="testCases.RaynorPriceTest" name="getmodelList300hd" time="2.557"/>
  <testcase classname="testCases.RaynorPriceTest" name="getmodelList300hd" time="2.637"/>
  <testcase classname="testCases.RaynorPriceTest" name="getmodelList300hd" time="2.577"/>
  <testcase classname="testCases.RaynorPriceTest" name="getmodelList300hd" time="3.285"/>
  <testcase classname="testCases.RaynorPriceTest" name="getmodelList300hd" time="5.046"/>
  <testcase classname="testCases.RaynorPriceTest" name="getmodelList300hd" time="2.795"/>
  <testcase classname="testCases.RaynorPriceTest" name="getmodelList300hd" time="2.462"/>
  <testcase classname="testCases.RaynorPriceTest" name="getmodelList300hd" time="3.068"/>
  <testcase classname="testCases.RaynorPriceTest" name="getmodelList300hd" time="4.640"/>
  <testcase classname="testCases.RaynorPriceTest" name="getmodelList300hd" time="3.285"/>
  <testcase classname="testCases.RaynorPriceTest" name="getmodelList300hd" time="2.976"/>
  <testcase classname="testCases.RaynorPriceTest" name="getmodelList300hd" time="9.998"/>
  <testcase classname="testCases.RaynorPriceTest" name="getmodelList300hd" time="2.690"/>
  <testcase classname="testCases.RaynorPriceTest" name="getmodelList300hd" time="2.870"/>
  <testcase classname="testCases.RaynorPriceTest" name="getmodelList300hd" time="2.438"/>
  <testcase classname="testCases.RaynorPriceTest" name="getmodelList300hd" time="3.483"/>
  <testcase classname="testCases.RaynorPriceTest" name="getmodelList300hd" time="2.206"/>
  <testcase classname="testCases.RaynorPriceTest" name="getmodelList300hd" time="4.003"/>
  <testcase classname="testCases.RaynorPriceTest" name="getmodelList300hd" time="2.969"/>
  <testcase classname="testCases.RaynorPriceTest" name="getmodelList300hd" time="2.763"/>
  <testcase classname="testCases.RaynorPriceTest" name="getmodelList300hd" time="2.801"/>
  <testcase classname="testCases.RaynorPriceTest" name="getmodelList300hd" time="4.105"/>
  <testcase classname="testCases.RaynorPriceTest" name="getmodelList300hd" time="4.198"/>
  <testcase classname="testCases.RaynorPriceTest" name="getmodelList300hd" time="2.790"/>
  <testcase classname="testCases.RaynorPriceTest" name="getmodelList300hd" time="5.136"/>
  <testcase classname="testCases.RaynorPriceTest" name="getmodelList300hd" time="2.421"/>
  <testcase classname="testCases.RaynorPriceTest" name="getmodelList300hd" time="2.775"/>
  <testcase classname="testCases.RaynorPriceTest" name="getmodelList300hd" time="2.326"/>
</testsuite> <!-- testCases.RaynorPriceTest -->
