<?xml version="1.0" encoding="UTF-8"?>
<!-- Generated by org.testng.reporters.JUnitReportReporter -->
<testsuite hostname="WebCARE" failures="0" tests="2" name="testCases.RaynorPriceTest" time="5.056" errors="0" timestamp="2023-11-28T18:54:24 IST" skipped="0">
  <testcase classname="testCases.RaynorPriceTest" name="getRaynordetails" time="3.515"/>
  <testcase classname="testCases.RaynorPriceTest" name="getBrandDetails" time="1.541"/>
</testsuite> <!-- testCases.RaynorPriceTest -->
