<?xml version="1.0" encoding="UTF-8"?>
<!-- Generated by org.testng.reporters.JUnitReportReporter -->
<testsuite hostname="WebCARE" failures="0" tests="1" name="testCases.Raynor_615Test" time="4.408" errors="0" timestamp="2023-11-28T20:50:07 IST" skipped="0">
  <testcase classname="testCases.Raynor_615Test" name="getModelList" time="4.408"/>
</testsuite> <!-- testCases.Raynor_615Test -->
