<?xml version="1.0" encoding="UTF-8"?>
<!-- Generated by org.testng.reporters.JUnitReportReporter -->
<testsuite hostname="WebCARE" failures="0" tests="1" name="testCases.projectApi" time="2.717" errors="0" timestamp="2023-11-01T17:16:10 IST" skipped="0">
  <testcase classname="testCases.projectApi" name="postProject" time="2.717"/>
</testsuite> <!-- testCases.projectApi -->
