<?xml version="1.0" encoding="UTF-8"?>
<!-- Generated by org.testng.reporters.JUnitReportReporter -->
<testsuite hostname="WebCARE" failures="0" tests="266" name="testCases.AsiPriceTest" time="436.865" errors="0" timestamp="2023-11-07T15:13:52 IST" skipped="0">
  <testcase classname="testCases.AsiPriceTest" name="getmodelList200" time="1.665"/>
  <testcase classname="testCases.AsiPriceTest" name="getmodelList200" time="1.550"/>
  <testcase classname="testCases.AsiPriceTest" name="getmodelList200" time="2.234"/>
  <testcase classname="testCases.AsiPriceTest" name="getmodelList200" time="1.984"/>
  <testcase classname="testCases.AsiPriceTest" name="getmodelList200" time="1.736"/>
  <testcase classname="testCases.AsiPriceTest" name="getmodelList200" time="1.474"/>
  <testcase classname="testCases.AsiPriceTest" name="getmodelList200" time="1.534"/>
  <testcase classname="testCases.AsiPriceTest" name="getmodelList200" time="1.824"/>
  <testcase classname="testCases.AsiPriceTest" name="getmodelList200" time="1.686"/>
  <testcase classname="testCases.AsiPriceTest" name="getmodelList200" time="1.719"/>
  <testcase classname="testCases.AsiPriceTest" name="getmodelList200" time="1.768"/>
  <testcase classname="testCases.AsiPriceTest" name="getmodelList200" time="1.689"/>
  <testcase classname="testCases.AsiPriceTest" name="getmodelList200" time="1.701"/>
  <testcase classname="testCases.AsiPriceTest" name="getmodelList200" time="1.664"/>
  <testcase classname="testCases.AsiPriceTest" name="getmodelList200" time="1.718"/>
  <testcase classname="testCases.AsiPriceTest" name="getmodelList200" time="1.717"/>
  <testcase classname="testCases.AsiPriceTest" name="getmodelList200" time="1.474"/>
  <testcase classname="testCases.AsiPriceTest" name="getmodelList200" time="1.509"/>
  <testcase classname="testCases.AsiPriceTest" name="getmodelList200" time="1.730"/>
  <testcase classname="testCases.AsiPriceTest" name="getmodelList200" time="1.534"/>
  <testcase classname="testCases.AsiPriceTest" name="getmodelList200" time="1.565"/>
  <testcase classname="testCases.AsiPriceTest" name="getmodelList200" time="1.452"/>
  <testcase classname="testCases.AsiPriceTest" name="getmodelList200" time="1.460"/>
  <testcase classname="testCases.AsiPriceTest" name="getmodelList200" time="1.981"/>
  <testcase classname="testCases.AsiPriceTest" name="getmodelList200" time="1.745"/>
  <testcase classname="testCases.AsiPriceTest" name="getmodelList200" time="1.522"/>
  <testcase classname="testCases.AsiPriceTest" name="getmodelList200" time="1.687"/>
  <testcase classname="testCases.AsiPriceTest" name="getmodelList200" time="1.668"/>
  <testcase classname="testCases.AsiPriceTest" name="getmodelList200" time="1.657"/>
  <testcase classname="testCases.AsiPriceTest" name="getmodelList200" time="1.460"/>
  <testcase classname="testCases.AsiPriceTest" name="getmodelList200" time="1.477"/>
  <testcase classname="testCases.AsiPriceTest" name="getmodelList200" time="1.511"/>
  <testcase classname="testCases.AsiPriceTest" name="getmodelList200" time="1.470"/>
  <testcase classname="testCases.AsiPriceTest" name="getmodelList200" time="1.469"/>
  <testcase classname="testCases.AsiPriceTest" name="getmodelList200" time="1.494"/>
  <testcase classname="testCases.AsiPriceTest" name="getmodelList200" time="1.468"/>
  <testcase classname="testCases.AsiPriceTest" name="getmodelList200" time="1.583"/>
  <testcase classname="testCases.AsiPriceTest" name="getmodelList200" time="2.224"/>
  <testcase classname="testCases.AsiPriceTest" name="getmodelList200" time="1.796"/>
  <testcase classname="testCases.AsiPriceTest" name="getmodelList200" time="1.663"/>
  <testcase classname="testCases.AsiPriceTest" name="getmodelList200" time="1.502"/>
  <testcase classname="testCases.AsiPriceTest" name="getmodelList200" time="2.315"/>
  <testcase classname="testCases.AsiPriceTest" name="getmodelList200" time="1.683"/>
  <testcase classname="testCases.AsiPriceTest" name="getmodelList200" time="1.470"/>
  <testcase classname="testCases.AsiPriceTest" name="getmodelList200" time="1.680"/>
  <testcase classname="testCases.AsiPriceTest" name="getmodelList200" time="1.692"/>
  <testcase classname="testCases.AsiPriceTest" name="getmodelList200" time="1.514"/>
  <testcase classname="testCases.AsiPriceTest" name="getmodelList200" time="1.554"/>
  <testcase classname="testCases.AsiPriceTest" name="getmodelList200" time="1.707"/>
  <testcase classname="testCases.AsiPriceTest" name="getmodelList200" time="2.303"/>
  <testcase classname="testCases.AsiPriceTest" name="getmodelList200" time="1.549"/>
  <testcase classname="testCases.AsiPriceTest" name="getmodelList200" time="1.563"/>
  <testcase classname="testCases.AsiPriceTest" name="getmodelList200" time="1.563"/>
  <testcase classname="testCases.AsiPriceTest" name="getmodelList200" time="1.710"/>
  <testcase classname="testCases.AsiPriceTest" name="getmodelList200" time="1.514"/>
  <testcase classname="testCases.AsiPriceTest" name="getmodelList200" time="1.797"/>
  <testcase classname="testCases.AsiPriceTest" name="getmodelList200" time="1.468"/>
  <testcase classname="testCases.AsiPriceTest" name="getmodelList200" time="1.699"/>
  <testcase classname="testCases.AsiPriceTest" name="getmodelList200" time="1.460"/>
  <testcase classname="testCases.AsiPriceTest" name="getmodelList200" time="1.526"/>
  <testcase classname="testCases.AsiPriceTest" name="getmodelList200" time="1.785"/>
  <testcase classname="testCases.AsiPriceTest" name="getmodelList200" time="2.353"/>
  <testcase classname="testCases.AsiPriceTest" name="getmodelList200" time="1.733"/>
  <testcase classname="testCases.AsiPriceTest" name="getmodelList200" time="1.539"/>
  <testcase classname="testCases.AsiPriceTest" name="getmodelList200" time="1.739"/>
  <testcase classname="testCases.AsiPriceTest" name="getAsidetails" time="2.111"/>
  <testcase classname="testCases.AsiPriceTest" name="getmodelList200" time="1.488"/>
  <testcase classname="testCases.AsiPriceTest" name="getmodelList200" time="1.699"/>
  <testcase classname="testCases.AsiPriceTest" name="getmodelList200" time="1.557"/>
  <testcase classname="testCases.AsiPriceTest" name="getmodelList200" time="1.488"/>
  <testcase classname="testCases.AsiPriceTest" name="getmodelList200" time="1.587"/>
  <testcase classname="testCases.AsiPriceTest" name="getmodelList200" time="1.686"/>
  <testcase classname="testCases.AsiPriceTest" name="getmodelList200" time="1.560"/>
  <testcase classname="testCases.AsiPriceTest" name="getmodelList200" time="1.535"/>
  <testcase classname="testCases.AsiPriceTest" name="getmodelList200" time="1.492"/>
  <testcase classname="testCases.AsiPriceTest" name="getmodelList200" time="1.750"/>
  <testcase classname="testCases.AsiPriceTest" name="getmodelList200" time="1.696"/>
  <testcase classname="testCases.AsiPriceTest" name="getmodelList200" time="1.527"/>
  <testcase classname="testCases.AsiPriceTest" name="getmodelList200" time="1.457"/>
  <testcase classname="testCases.AsiPriceTest" name="getmodelList200" time="1.750"/>
  <testcase classname="testCases.AsiPriceTest" name="getmodelList200" time="1.561"/>
  <testcase classname="testCases.AsiPriceTest" name="getmodelList200" time="1.486"/>
  <testcase classname="testCases.AsiPriceTest" name="getmodelList200" time="1.772"/>
  <testcase classname="testCases.AsiPriceTest" name="getmodelList200" time="1.730"/>
  <testcase classname="testCases.AsiPriceTest" name="getmodelList200" time="1.822"/>
  <testcase classname="testCases.AsiPriceTest" name="getmodelList200" time="1.668"/>
  <testcase classname="testCases.AsiPriceTest" name="getmodelList200" time="1.449"/>
  <testcase classname="testCases.AsiPriceTest" name="getmodelList200" time="1.763"/>
  <testcase classname="testCases.AsiPriceTest" name="getmodelList200" time="1.694"/>
  <testcase classname="testCases.AsiPriceTest" name="getmodelList200" time="1.485"/>
  <testcase classname="testCases.AsiPriceTest" name="getmodelList200" time="1.697"/>
  <testcase classname="testCases.AsiPriceTest" name="getmodelList200" time="1.545"/>
  <testcase classname="testCases.AsiPriceTest" name="getmodelList200" time="1.697"/>
  <testcase classname="testCases.AsiPriceTest" name="getmodelList200" time="1.792"/>
  <testcase classname="testCases.AsiPriceTest" name="getmodelList200" time="1.735"/>
  <testcase classname="testCases.AsiPriceTest" name="getmodelList200" time="1.530"/>
  <testcase classname="testCases.AsiPriceTest" name="getmodelList200" time="1.713"/>
  <testcase classname="testCases.AsiPriceTest" name="getmodelList200" time="1.690"/>
  <testcase classname="testCases.AsiPriceTest" name="getmodelList200" time="1.591"/>
  <testcase classname="testCases.AsiPriceTest" name="getmodelList200" time="1.513"/>
  <testcase classname="testCases.AsiPriceTest" name="getmodelList200" time="1.682"/>
  <testcase classname="testCases.AsiPriceTest" name="getmodelList200" time="1.530"/>
  <testcase classname="testCases.AsiPriceTest" name="getmodelList200" time="1.530"/>
  <testcase classname="testCases.AsiPriceTest" name="getmodelList200" time="1.664"/>
  <testcase classname="testCases.AsiPriceTest" name="getmodelList200" time="1.650"/>
  <testcase classname="testCases.AsiPriceTest" name="getmodelList200" time="1.714"/>
  <testcase classname="testCases.AsiPriceTest" name="getmodelList200" time="1.550"/>
  <testcase classname="testCases.AsiPriceTest" name="getmodelList200" time="1.462"/>
  <testcase classname="testCases.AsiPriceTest" name="getmodelList200" time="1.468"/>
  <testcase classname="testCases.AsiPriceTest" name="getmodelList200" time="1.649"/>
  <testcase classname="testCases.AsiPriceTest" name="getmodelList200" time="1.691"/>
  <testcase classname="testCases.AsiPriceTest" name="getmodelList200" time="2.306"/>
  <testcase classname="testCases.AsiPriceTest" name="getmodelList200" time="1.482"/>
  <testcase classname="testCases.AsiPriceTest" name="getmodelList200" time="1.724"/>
  <testcase classname="testCases.AsiPriceTest" name="getmodelList200" time="1.508"/>
  <testcase classname="testCases.AsiPriceTest" name="getmodelList200" time="1.524"/>
  <testcase classname="testCases.AsiPriceTest" name="getmodelList200" time="1.534"/>
  <testcase classname="testCases.AsiPriceTest" name="getmodelList200" time="1.675"/>
  <testcase classname="testCases.AsiPriceTest" name="getmodelList200" time="1.722"/>
  <testcase classname="testCases.AsiPriceTest" name="getmodelList200" time="1.520"/>
  <testcase classname="testCases.AsiPriceTest" name="getmodelList200" time="1.488"/>
  <testcase classname="testCases.AsiPriceTest" name="getmodelList200" time="1.688"/>
  <testcase classname="testCases.AsiPriceTest" name="getmodelList200" time="1.559"/>
  <testcase classname="testCases.AsiPriceTest" name="getmodelList200" time="1.659"/>
  <testcase classname="testCases.AsiPriceTest" name="getmodelList200" time="1.647"/>
  <testcase classname="testCases.AsiPriceTest" name="getmodelList200" time="1.501"/>
  <testcase classname="testCases.AsiPriceTest" name="getmodelList200" time="1.643"/>
  <testcase classname="testCases.AsiPriceTest" name="getmodelList200" time="1.649"/>
  <testcase classname="testCases.AsiPriceTest" name="getmodelList200" time="1.717"/>
  <testcase classname="testCases.AsiPriceTest" name="getmodelList200" time="1.483"/>
  <testcase classname="testCases.AsiPriceTest" name="getmodelList200" time="1.561"/>
  <testcase classname="testCases.AsiPriceTest" name="getmodelList200" time="1.572"/>
  <testcase classname="testCases.AsiPriceTest" name="getmodelList200" time="1.690"/>
  <testcase classname="testCases.AsiPriceTest" name="getmodelList200" time="1.842"/>
  <testcase classname="testCases.AsiPriceTest" name="getmodelList200" time="1.733"/>
  <testcase classname="testCases.AsiPriceTest" name="getmodelList200" time="1.698"/>
  <testcase classname="testCases.AsiPriceTest" name="getmodelList200" time="1.470"/>
  <testcase classname="testCases.AsiPriceTest" name="getmodelList200" time="1.719"/>
  <testcase classname="testCases.AsiPriceTest" name="getmodelList200" time="1.560"/>
  <testcase classname="testCases.AsiPriceTest" name="getmodelList200" time="1.460"/>
  <testcase classname="testCases.AsiPriceTest" name="getmodelList200" time="1.446"/>
  <testcase classname="testCases.AsiPriceTest" name="getmodelList200" time="1.500"/>
  <testcase classname="testCases.AsiPriceTest" name="getmodelList200" time="2.363"/>
  <testcase classname="testCases.AsiPriceTest" name="getmodelList200" time="1.636"/>
  <testcase classname="testCases.AsiPriceTest" name="getmodelList200" time="1.972"/>
  <testcase classname="testCases.AsiPriceTest" name="getmodelList200" time="1.502"/>
  <testcase classname="testCases.AsiPriceTest" name="getmodelList200" time="1.699"/>
  <testcase classname="testCases.AsiPriceTest" name="getmodelList200" time="1.677"/>
  <testcase classname="testCases.AsiPriceTest" name="getmodelList200" time="1.532"/>
  <testcase classname="testCases.AsiPriceTest" name="getmodelList200" time="1.663"/>
  <testcase classname="testCases.AsiPriceTest" name="getmodelList200" time="1.740"/>
  <testcase classname="testCases.AsiPriceTest" name="getmodelList200" time="1.476"/>
  <testcase classname="testCases.AsiPriceTest" name="getmodelList200" time="1.528"/>
  <testcase classname="testCases.AsiPriceTest" name="getmodelList200" time="1.714"/>
  <testcase classname="testCases.AsiPriceTest" name="getmodelList200" time="1.669"/>
  <testcase classname="testCases.AsiPriceTest" name="getmodelList200" time="1.782"/>
  <testcase classname="testCases.AsiPriceTest" name="getmodelList200" time="1.658"/>
  <testcase classname="testCases.AsiPriceTest" name="getmodelList200" time="1.685"/>
  <testcase classname="testCases.AsiPriceTest" name="getmodelList200" time="1.720"/>
  <testcase classname="testCases.AsiPriceTest" name="getmodelList200" time="1.465"/>
  <testcase classname="testCases.AsiPriceTest" name="getmodelList200" time="1.714"/>
  <testcase classname="testCases.AsiPriceTest" name="getmodelList200" time="1.668"/>
  <testcase classname="testCases.AsiPriceTest" name="getmodelList200" time="1.591"/>
  <testcase classname="testCases.AsiPriceTest" name="getmodelList200" time="1.505"/>
  <testcase classname="testCases.AsiPriceTest" name="getmodelList200" time="1.472"/>
  <testcase classname="testCases.AsiPriceTest" name="getmodelList200" time="1.795"/>
  <testcase classname="testCases.AsiPriceTest" name="getmodelList200" time="1.732"/>
  <testcase classname="testCases.AsiPriceTest" name="getmodelList200" time="1.648"/>
  <testcase classname="testCases.AsiPriceTest" name="getmodelList200" time="1.704"/>
  <testcase classname="testCases.AsiPriceTest" name="getmodelList200" time="1.468"/>
  <testcase classname="testCases.AsiPriceTest" name="getmodelList200" time="1.800"/>
  <testcase classname="testCases.AsiPriceTest" name="getmodelList200" time="1.780"/>
  <testcase classname="testCases.AsiPriceTest" name="getmodelList200" time="1.720"/>
  <testcase classname="testCases.AsiPriceTest" name="getmodelList200" time="1.487"/>
  <testcase classname="testCases.AsiPriceTest" name="getmodelList200" time="1.754"/>
  <testcase classname="testCases.AsiPriceTest" name="getmodelList200" time="1.825"/>
  <testcase classname="testCases.AsiPriceTest" name="getmodelList200" time="1.695"/>
  <testcase classname="testCases.AsiPriceTest" name="getmodelList200" time="1.538"/>
  <testcase classname="testCases.AsiPriceTest" name="getmodelList200" time="1.751"/>
  <testcase classname="testCases.AsiPriceTest" name="getmodelList200" time="1.536"/>
  <testcase classname="testCases.AsiPriceTest" name="getmodelList200" time="1.827"/>
  <testcase classname="testCases.AsiPriceTest" name="getmodelList200" time="1.692"/>
  <testcase classname="testCases.AsiPriceTest" name="getmodelList200" time="1.654"/>
  <testcase classname="testCases.AsiPriceTest" name="getmodelList200" time="1.688"/>
  <testcase classname="testCases.AsiPriceTest" name="getmodelList200" time="1.696"/>
  <testcase classname="testCases.AsiPriceTest" name="getmodelList200" time="1.498"/>
  <testcase classname="testCases.AsiPriceTest" name="getmodelList200" time="1.474"/>
  <testcase classname="testCases.AsiPriceTest" name="getmodelList200" time="1.734"/>
  <testcase classname="testCases.AsiPriceTest" name="getBrandDetails" time="1.152"/>
  <testcase classname="testCases.AsiPriceTest" name="getmodelList200" time="1.716"/>
  <testcase classname="testCases.AsiPriceTest" name="getmodelList200" time="1.849"/>
  <testcase classname="testCases.AsiPriceTest" name="getmodelList200" time="1.607"/>
  <testcase classname="testCases.AsiPriceTest" name="getmodelList200" time="1.755"/>
  <testcase classname="testCases.AsiPriceTest" name="getmodelList200" time="1.478"/>
  <testcase classname="testCases.AsiPriceTest" name="getmodelList200" time="1.800"/>
  <testcase classname="testCases.AsiPriceTest" name="getmodelList200" time="1.531"/>
  <testcase classname="testCases.AsiPriceTest" name="getmodelList200" time="1.453"/>
  <testcase classname="testCases.AsiPriceTest" name="getmodelList200" time="1.685"/>
  <testcase classname="testCases.AsiPriceTest" name="getmodelList200" time="1.549"/>
  <testcase classname="testCases.AsiPriceTest" name="getmodelList200" time="1.515"/>
  <testcase classname="testCases.AsiPriceTest" name="getmodelList200" time="1.482"/>
  <testcase classname="testCases.AsiPriceTest" name="getmodelList200" time="1.485"/>
  <testcase classname="testCases.AsiPriceTest" name="getmodelList200" time="1.527"/>
  <testcase classname="testCases.AsiPriceTest" name="getmodelList200" time="1.749"/>
  <testcase classname="testCases.AsiPriceTest" name="getmodelList200" time="1.550"/>
  <testcase classname="testCases.AsiPriceTest" name="getmodelList200" time="1.466"/>
  <testcase classname="testCases.AsiPriceTest" name="getmodelList200" time="1.568"/>
  <testcase classname="testCases.AsiPriceTest" name="getmodelList200" time="1.710"/>
  <testcase classname="testCases.AsiPriceTest" name="getmodelList200" time="1.475"/>
  <testcase classname="testCases.AsiPriceTest" name="getmodelList200" time="1.483"/>
  <testcase classname="testCases.AsiPriceTest" name="getmodelList200" time="1.747"/>
  <testcase classname="testCases.AsiPriceTest" name="getmodelList200" time="1.742"/>
  <testcase classname="testCases.AsiPriceTest" name="getmodelList200" time="1.760"/>
  <testcase classname="testCases.AsiPriceTest" name="getmodelList200" time="1.831"/>
  <testcase classname="testCases.AsiPriceTest" name="getmodelList200" time="2.208"/>
  <testcase classname="testCases.AsiPriceTest" name="getmodelList200" time="1.734"/>
  <testcase classname="testCases.AsiPriceTest" name="getmodelList200" time="1.693"/>
  <testcase classname="testCases.AsiPriceTest" name="getmodelList200" time="1.746"/>
  <testcase classname="testCases.AsiPriceTest" name="getmodelList200" time="1.680"/>
  <testcase classname="testCases.AsiPriceTest" name="getmodelList200" time="1.505"/>
  <testcase classname="testCases.AsiPriceTest" name="getmodelList200" time="1.658"/>
  <testcase classname="testCases.AsiPriceTest" name="getmodelList200" time="1.543"/>
  <testcase classname="testCases.AsiPriceTest" name="getmodelList200" time="1.485"/>
  <testcase classname="testCases.AsiPriceTest" name="getmodelList200" time="1.515"/>
  <testcase classname="testCases.AsiPriceTest" name="getmodelList200" time="1.744"/>
  <testcase classname="testCases.AsiPriceTest" name="getmodelList200" time="1.460"/>
  <testcase classname="testCases.AsiPriceTest" name="getmodelList200" time="1.686"/>
  <testcase classname="testCases.AsiPriceTest" name="getmodelList200" time="1.496"/>
  <testcase classname="testCases.AsiPriceTest" name="getmodelList200" time="1.493"/>
  <testcase classname="testCases.AsiPriceTest" name="getmodelList200" time="1.738"/>
  <testcase classname="testCases.AsiPriceTest" name="getmodelList200" time="1.547"/>
  <testcase classname="testCases.AsiPriceTest" name="getmodelList200" time="1.504"/>
  <testcase classname="testCases.AsiPriceTest" name="getmodelList200" time="1.652"/>
  <testcase classname="testCases.AsiPriceTest" name="getmodelList200" time="1.530"/>
  <testcase classname="testCases.AsiPriceTest" name="getmodelList200" time="1.492"/>
  <testcase classname="testCases.AsiPriceTest" name="getmodelList200" time="1.477"/>
  <testcase classname="testCases.AsiPriceTest" name="getmodelList200" time="1.822"/>
  <testcase classname="testCases.AsiPriceTest" name="getmodelList200" time="1.683"/>
  <testcase classname="testCases.AsiPriceTest" name="getmodelList200" time="1.543"/>
  <testcase classname="testCases.AsiPriceTest" name="getmodelList200" time="1.738"/>
  <testcase classname="testCases.AsiPriceTest" name="getmodelList200" time="1.576"/>
  <testcase classname="testCases.AsiPriceTest" name="getmodelList200" time="1.481"/>
  <testcase classname="testCases.AsiPriceTest" name="getmodelList200" time="1.523"/>
  <testcase classname="testCases.AsiPriceTest" name="getmodelList200" time="1.739"/>
  <testcase classname="testCases.AsiPriceTest" name="getmodelList200" time="1.782"/>
  <testcase classname="testCases.AsiPriceTest" name="getmodelList200" time="1.534"/>
  <testcase classname="testCases.AsiPriceTest" name="getmodelList200" time="1.597"/>
  <testcase classname="testCases.AsiPriceTest" name="getmodelList200" time="1.516"/>
  <testcase classname="testCases.AsiPriceTest" name="getmodelList200" time="1.503"/>
  <testcase classname="testCases.AsiPriceTest" name="getmodelList200" time="1.486"/>
  <testcase classname="testCases.AsiPriceTest" name="getmodelList200" time="1.492"/>
  <testcase classname="testCases.AsiPriceTest" name="getmodelList200" time="1.668"/>
  <testcase classname="testCases.AsiPriceTest" name="getmodelList200" time="1.812"/>
  <testcase classname="testCases.AsiPriceTest" name="getmodelList200" time="1.685"/>
  <testcase classname="testCases.AsiPriceTest" name="getmodelList200" time="1.644"/>
  <testcase classname="testCases.AsiPriceTest" name="getmodelList200" time="1.537"/>
  <testcase classname="testCases.AsiPriceTest" name="getmodelList200" time="1.687"/>
  <testcase classname="testCases.AsiPriceTest" name="getmodelList200" time="1.675"/>
  <testcase classname="testCases.AsiPriceTest" name="getmodelList200" time="1.760"/>
  <testcase classname="testCases.AsiPriceTest" name="getmodelList200" time="1.586"/>
  <testcase classname="testCases.AsiPriceTest" name="getmodelList200" time="1.527"/>
  <testcase classname="testCases.AsiPriceTest" name="getmodelList200" time="1.736"/>
  <testcase classname="testCases.AsiPriceTest" name="getmodelList200" time="1.564"/>
  <testcase classname="testCases.AsiPriceTest" name="getmodelList200" time="1.524"/>
  <testcase classname="testCases.AsiPriceTest" name="getmodelList200" time="1.700"/>
  <testcase classname="testCases.AsiPriceTest" name="getmodelList200" time="1.701"/>
</testsuite> <!-- testCases.AsiPriceTest -->
