<?xml version="1.0" encoding="UTF-8"?>
<!-- Generated by org.testng.reporters.JUnitReportReporter -->
<testsuite hostname="WebCARE" failures="0" tests="1" name="testCases.Project_CrudTest" time="5.153" errors="0" timestamp="2023-11-05T23:00:22 IST" skipped="0">
  <testcase classname="testCases.Project_CrudTest" name="CreateProject" time="5.153"/>
</testsuite> <!-- testCases.Project_CrudTest -->
