<?xml version="1.0" encoding="UTF-8"?>
<!-- Generated by org.testng.reporters.JUnitReportReporter -->
<testsuite hostname="WebCARE" failures="0" tests="2" name="testCases.AsiPriceTest" time="5.778" errors="0" timestamp="2023-11-28T20:50:07 IST" skipped="0">
  <testcase classname="testCases.AsiPriceTest" name="getBrandDetails" time="2.607"/>
  <testcase classname="testCases.AsiPriceTest" name="getAsidetails" time="3.171"/>
</testsuite> <!-- testCases.AsiPriceTest -->
